<?xml version="1.0" encoding="UTF-8" ?>
<testsuite errors="0" failures="1" hostname="micarshow-PC" name="testAnt.SimpleCalculationTest" skipped="0" tests="1" time="0.108" timestamp="2015-09-10T04:23:53">
  <properties>
    <property name="java.vendor" value="Oracle Corporation" />
    <property name="ant.file.type.AntDemo" value="file" />
    <property name="sun.java.launcher" value="SUN_STANDARD" />
    <property name="eclipse.pdebuild.templates" value="/C:/Users/micarshow/Downloads/eclipse/plugins/org.eclipse.pde.build_3.9.100.v20150521-1524/templates/" />
    <property name="sun.management.compiler" value="HotSpot 64-Bit Tiered Compilers" />
    <property name="os.name" value="Windows 8.1" />
    <property name="sun.boot.class.path" value="C:\Program Files\Java\jre7\lib\resources.jar;C:\Program Files\Java\jre7\lib\rt.jar;C:\Program Files\Java\jre7\lib\sunrsasign.jar;C:\Program Files\Java\jre7\lib\jsse.jar;C:\Program Files\Java\jre7\lib\jce.jar;C:\Program Files\Java\jre7\lib\charsets.jar;C:\Program Files\Java\jre7\lib\jfr.jar;C:\Program Files\Java\jre7\classes" />
    <property name="sun.desktop" value="windows" />
    <property name="java.vm.specification.vendor" value="Oracle Corporation" />
    <property name="ant.home" value="C:\Users\micarshow\Downloads\eclipse\plugins\org.apache.ant_1.9.4.v201504302020" />
    <property name="java.runtime.version" value="1.7.0_79-b15" />
    <property name="user.name" value="micarshow" />
    <property name="user.language" value="zh" />
    <property name="sun.boot.library.path" value="C:\Program Files\Java\jre7\bin" />
    <property name="ant.project.default-target" value="junit" />
    <property name="ant.project.name" value="AntDemo" />
    <property name="java.version" value="1.7.0_79" />
    <property name="user.timezone" value="" />
    <property name="sun.arch.data.model" value="64" />
    <property name="java.endorsed.dirs" value="C:\Program Files\Java\jre7\lib\endorsed" />
    <property name="sun.cpu.isalist" value="amd64" />
    <property name="sun.jnu.encoding" value="GBK" />
    <property name="file.encoding.pkg" value="sun.io" />
    <property name="file.separator" value="\" />
    <property name="java.specification.name" value="Java Platform API Specification" />
    <property name="ant.file.AntDemo" value="C:\Users\micarshow\workspace\AntDemo\build.xml" />
    <property name="report.path" value="report" />
    <property name="java.class.version" value="51.0" />
    <property name="user.country" value="CN" />
    <property name="java.home" value="C:\Program Files\Java\jre7" />
    <property name="java.vm.info" value="mixed mode" />
    <property name="ant.file" value="C:\Users\micarshow\workspace\AntDemo\build.xml" />
    <property name="os.version" value="6.3" />
    <property name="path.separator" value=";" />
    <property name="java.vm.version" value="24.79-b02" />
    <property name="user.variant" value="" />
    <property name="ant.library.dir" value="C:\Users\micarshow\Downloads\eclipse\plugins\org.apache.ant_1.9.4.v201504302020\lib" />
    <property name="java.awt.printerjob" value="sun.awt.windows.WPrinterJob" />
    <property name="sun.io.unicode.encoding" value="UnicodeLittle" />
    <property name="awt.toolkit" value="sun.awt.windows.WToolkit" />
    <property name="user.script" value="" />
    <property name="eclipse.pdebuild.scripts" value="/C:/Users/micarshow/Downloads/eclipse/plugins/org.eclipse.pde.build_3.9.100.v20150521-1524/scripts/" />
    <property name="user.home" value="C:\Users\micarshow" />
    <property name="java.specification.vendor" value="Oracle Corporation" />
    <property name="java.library.path" value="C:\Program Files\Java\jre7\bin;C:\WINDOWS\Sun\Java\bin;C:\WINDOWS\system32;C:\WINDOWS;c:\Program Files (x86)\Intel\iCLS Client\;c:\Program Files\Intel\iCLS Client\;C:\WINDOWS\system32;C:\WINDOWS;C:\WINDOWS\System32\Wbem;C:\WINDOWS\System32\WindowsPowerShell\v1.0\;C:\Program Files\Intel\Intel(R) Management Engine Components\DAL;C:\Program Files\Intel\Intel(R) Management Engine Components\IPT;C:\Program Files (x86)\Intel\Intel(R) Management Engine Components\DAL;C:\Program Files (x86)\Intel\Intel(R) Management Engine Components\IPT;C:\Program Files\VisualSVN Server\bin;C:\Program Files\TortoiseSVN\bin;C:\Program Files\Java\jdk1.7.0_79\bin;D:\apache-ant-1.9.6\bin;D:\apache-jmeter-2.13\bin;D:\sdk\sdk\platform-tools;D:\sdk\sdk\tools;C:\Program Files\Git\bin;C:\Program Files\Git\mingw64\libexec\git-core;." />
    <property name="java.vendor.url" value="http://java.oracle.com/" />
    <property name="java.vm.vendor" value="Oracle Corporation" />
    <property name="java.runtime.name" value="Java(TM) SE Runtime Environment" />
    <property name="sun.java.command" value="org.apache.tools.ant.taskdefs.optional.junit.JUnitTestRunner testAnt.SimpleCalculationTest skipNonTests=false filtertrace=true haltOnError=false haltOnFailure=false formatter=org.apache.tools.ant.taskdefs.optional.junit.SummaryJUnitResultFormatter showoutput=false outputtoformatters=true logfailedtests=true threadid=0 logtestlistenerevents=false formatter=org.apache.tools.ant.taskdefs.optional.junit.XMLJUnitResultFormatter,C:\Users\micarshow\workspace\AntDemo\report\TEST-testAnt.SimpleCalculationTest.xml crashfile=C:\Users\micarshow\workspace\AntDemo\junitvmwatcher4154820125425252443.properties propsfile=C:\Users\micarshow\workspace\AntDemo\junit7381296251750612385.properties" />
    <property name="java.class.path" value="C:\Users\micarshow\workspace\AntDemo\lib\junit-4.12.jar;C:\Users\micarshow\workspace\AntDemo\lib\selenium-java-2.47.1.jar;C:\Users\micarshow\workspace\AntDemo\lib\selenium-server-standalone-2.47.1.jar;C:\Users\micarshow\workspace\AntDemo\build;C:\Users\micarshow\workspace\AntDemo;C:\Program Files\Java\jdk1.7.0_79\lib;C:\Program Files\Java\jdk1.7.0_79\lib\tools.jar;D:\apache-jmeter-2.13\lib\ext\ApacheJMeter_core.jar;D:\apache-jmeter-2.13\lib\jorphan.jar;D:\apache-jmeter-2.13\lib\logkit-2.0.jar;C:\Users\micarshow\Downloads\eclipse\plugins\org.apache.ant_1.9.4.v201504302020\lib\ant-launcher.jar;C:\Users\micarshow\Downloads\eclipse\plugins\org.apache.ant_1.9.4.v201504302020\lib\ant.jar;C:\Users\micarshow\Downloads\eclipse\plugins\org.apache.ant_1.9.4.v201504302020\lib\ant-junit.jar;C:\Users\micarshow\Downloads\eclipse\plugins\org.apache.ant_1.9.4.v201504302020\lib\ant-junit4.jar" />
    <property name="src.path" value="src/testAnt" />
    <property name="ant.version" value="Apache Ant(TM) version 1.9.4 compiled on April 29 2014" />
    <property name="java.vm.specification.name" value="Java Virtual Machine Specification" />
    <property name="java.vm.specification.version" value="1.7" />
    <property name="sun.cpu.endian" value="little" />
    <property name="sun.os.patch.level" value="" />
    <property name="eclipse.pdebuild.home" value="/C:/Users/micarshow/Downloads/eclipse/plugins/org.eclipse.pde.build_3.9.100.v20150521-1524/./" />
    <property name="java.io.tmpdir" value="C:\Users\MICARS~1\AppData\Local\Temp\" />
    <property name="java.vendor.url.bug" value="http://bugreport.sun.com/bugreport/" />
    <property name="lib.path" value="lib" />
    <property name="os.arch" value="amd64" />
    <property name="java.awt.graphicsenv" value="sun.awt.Win32GraphicsEnvironment" />
    <property name="java.ext.dirs" value="C:\Program Files\Java\jre7\lib\ext;C:\WINDOWS\Sun\Java\lib\ext" />
    <property name="user.dir" value="C:\Users\micarshow\workspace\AntDemo" />
    <property name="line.separator" value="&#xd;&#xa;" />
    <property name="java.vm.name" value="Java HotSpot(TM) 64-Bit Server VM" />
    <property name="build.path" value="build" />
    <property name="basedir" value="C:\Users\micarshow\workspace\AntDemo" />
    <property name="ant.java.version" value="1.7" />
    <property name="ant.core.lib" value="C:\Users\micarshow\Downloads\eclipse\plugins\org.apache.ant_1.9.4.v201504302020\lib\ant.jar" />
    <property name="test.path" value="src/testAnt" />
    <property name="file.encoding" value="GBK" />
    <property name="java.specification.version" value="1.7" />
    <property name="ant.project.invoked-targets" value="junit" />
  </properties>
  <testcase classname="testAnt.SimpleCalculationTest" name="testAdd" time="0.005">
    <failure message="expected:&lt;4&gt; but was:&lt;3&gt;" type="junit.framework.AssertionFailedError">junit.framework.AssertionFailedError: expected:&lt;4&gt; but was:&lt;3&gt;
	at testAnt.SimpleCalculationTest.testAdd(Unknown Source)
</failure>
  </testcase>
  <system-out><![CDATA[]]></system-out>
  <system-err><![CDATA[]]></system-err>
</testsuite>
